0 verbose cli /usr/local/nvm/versions/node/v20.13.0/bin/node /usr/local/nvm/versions/node/v20.13.0/bin/npm
1 info using npm@10.7.0
2 info using node@v20.13.0
3 silly config:load:file:/usr/local/nvm/versions/node/v20.13.0/lib/node_modules/npm/npmrc
4 silly config:load:file:/home/konkipudihsbhaskar419/.npmrc
5 silly config:load:file:/usr/local/nvm/versions/node/v20.13.0/etc/npmrc
6 verbose title npm config get prefix
7 verbose argv "config" "--loglevel" "warn" "get" "prefix"
8 verbose logfile logs-max:10 dir:/home/konkipudihsbhaskar419/.npm/_logs/2024-06-06T03_25_43_003Z-
9 verbose logfile /home/konkipudihsbhaskar419/.npm/_logs/2024-06-06T03_25_43_003Z-debug-0.log
0 verbose cli /usr/local/nvm/versions/node/v20.13.0/bin/node /usr/local/nvm/versions/node/v20.13.0/bin/npm
1 info using npm@10.7.0
2 info using node@v20.13.0
3 silly config:load:file:/usr/local/nvm/versions/node/v20.13.0/lib/node_modules/npm/npmrc
4 silly config:load:file:/google/devshell/editor/code-oss-for-cloud-shell/.npmrc
5 silly config:load:file:/home/konkipudihsbhaskar419/.npmrc
6 silly config:load:file:/usr/local/nvm/versions/node/v20.13.0/etc/npmrc
7 verbose title npm config get prefix
8 verbose argv "config" "--loglevel" "warn" "get" "prefix"
9 verbose logfile logs-max:10 dir:/home/konkipudihsbhaskar419/.npm/_logs/2024-06-06T03_25_43_003Z-
10 verbose logfile /home/konkipudihsbhaskar419/.npm/_logs/2024-06-06T03_25_43_003Z-debug-0.log
10 verbose exit 0
11 info ok
11 verbose exit 0
12 info ok
